INFO:root:Analysis started at: 2019-01-18 17:15:36.553472
INFO:root:The files were already saved in the disk.
INFO:root:There are 6 .fits files saved in the disk.
INFO:root:There are no missing files
INFO:root:Analysis started at: 2019-01-18 17:15:54.619494
INFO:root:The files were already saved in the disk.
INFO:root:There are 6 .fits files saved in the disk.
INFO:root:There are no missing files
INFO:root:AR 6063 commited into the database. New AR id: 1
INFO:root:The apperture problem could be solved, data processed.
INFO:root:Timestamp 2015-11-04 12:10:12.400000 created. (0/2)
INFO:root:Observation table analysis finished at: 2019-01-18 17:16:23.408887
INFO:root:Total Execution time: 0:00:28.789393
INFO:root:Analysis started at: 2019-01-21 13:36:23.934232
INFO:root:The files were already saved in the disk.
INFO:root:There are 6 .fits files saved in the disk.
INFO:root:There are no missing files
INFO:root:Analysis started at: 2019-01-23 17:02:50.018674
INFO:root:The files were already saved in the disk.
INFO:root:There are 6 .fits files saved in the disk.
INFO:root:There are no missing files
INFO:root:Analysis started at: 2019-01-23 17:05:23.207156
INFO:root:The files were already saved in the disk.
INFO:root:There are 6 .fits files saved in the disk.
INFO:root:There are no missing files
INFO:root:AR 6063 commited into the database. New AR id: 1
INFO:root:The apperture problem could be solved, data processed.
INFO:root:Timestamp 2015-11-04 12:10:12.400000 created. (0/2)
INFO:root:Observation table analysis finished at: 2019-01-23 17:05:53.588419
INFO:root:Total Execution time: 0:00:30.381263
DEBUG:root:Morphology 12443_20151030 inserted.
DEBUG:root:Morphology 12443_20151031 inserted.
DEBUG:root:Morphology 12443_20151101 inserted.
DEBUG:root:Morphology 12443_20151102 inserted.
DEBUG:root:Morphology 12443_20151103 inserted.
DEBUG:root:Morphology 12443_20151104 inserted.
DEBUG:root:Morphology 12443_20151105 inserted.
DEBUG:root:Morphology 12443_20151106 inserted.
DEBUG:root:Morphology 12443_20151107 inserted.
DEBUG:root:Morphology 12443_20151108 inserted.
DEBUG:root:Morphology 12443_20151109 inserted.
DEBUG:root:Morphology 12443_20151110 inserted.
DEBUG:root:Morphology 12443_20151111 inserted.
INFO:root:Analysis started at: 2019-01-23 17:06:38.289348
INFO:root:The files were already saved in the disk.
INFO:root:There are 6 .fits files saved in the disk.
INFO:root:There are no missing files
INFO:root:AR 6063 commited into the database. New AR id: 1
INFO:root:Timestamp 2015-11-04 12:10:12.400000 was already in the database.
INFO:root:Observation table analysis finished at: 2019-01-23 17:06:39.887106
INFO:root:Total Execution time: 0:00:01.597758
INFO:root:Analysis started at: 2019-01-23 17:07:59.490706
INFO:root:The files were already saved in the disk.
INFO:root:There are 6 .fits files saved in the disk.
INFO:root:There are no missing files
INFO:root:AR 6063 commited into the database. New AR id: 1
INFO:root:Timestamp 2015-11-04 12:10:12.400000 was already in the database.
INFO:root:Observation table analysis finished at: 2019-01-23 17:08:01.047812
INFO:root:Total Execution time: 0:00:01.557106
INFO:root:Analysis started at: 2019-01-24 11:55:47.851280
INFO:root:The files were already saved in the disk.
INFO:root:There are 6 .fits files saved in the disk.
INFO:root:There are no missing files
INFO:root:AR 6063 commited into the database. New AR id: 1
INFO:root:Timestamp 2015-11-04 12:10:12.400000 was already in the database.
INFO:root:Observation table analysis finished at: 2019-01-24 11:55:49.734708
INFO:root:Total Execution time: 0:00:01.883428
DEBUG:root:Active Region noaa numbers updated.
INFO:root:Session closed
INFO:root:Analysis started at: 2019-01-24 14:13:23.032784
INFO:root:Downloads finished at: 2019-01-24 14:14:04.010750
INFO:root:There are 3996 .fits files saved in the disk.
INFO:root:There are no missing files
INFO:root:Analysis started at: 2019-01-24 14:18:35.701435
INFO:root:Downloads finished at: 2019-01-24 14:19:10.831188
INFO:root:There are 3996 .fits files saved in the disk.
INFO:root:There are no missing files
INFO:root:AR 2585 commited into the database. New AR id: 1
INFO:root:The apperture problem could be solved, data processed.
INFO:root:Analysis started at: 2019-01-24 14:21:05.009812
INFO:root:Downloads finished at: 2019-01-24 14:21:45.342372
INFO:root:There are 3996 .fits files saved in the disk.
INFO:root:There are no missing files
INFO:root:AR 2585 commited into the database. New AR id: 1
INFO:root:The apperture problem could be solved, data processed.
INFO:root:Timestamp 2013-03-21 21:58:15.600000 created. (0/1332)
INFO:root:The apperture problem could be solved, data processed.
INFO:root:Timestamp 2013-03-21 22:10:15.600000 created. (1/1332)
INFO:root:Analysis started at: 2019-01-24 15:11:31.617820
INFO:root:Downloads finished at: 2019-01-24 15:12:10.672758
INFO:root:There are 15 .fits files saved in the disk.
INFO:root:There are no missing files
INFO:root:Analysis started at: 2019-01-24 15:12:57.032395
INFO:root:Downloads finished at: 2019-01-24 15:13:30.594017
INFO:root:There are 15 .fits files saved in the disk.
INFO:root:There are no missing files
INFO:root:AR 2585 commited into the database. New AR id: 1
INFO:root:The apperture problem could be solved, data processed.
INFO:root:Timestamp 2013-03-27 00:10:16.400000 created. (0/5)
INFO:root:The apperture problem could be solved, data processed.
INFO:root:Timestamp 2013-03-27 00:22:16.400000 created. (1/5)
INFO:root:The apperture problem could be solved, data processed.
INFO:root:Timestamp 2013-03-27 00:34:16.400000 created. (2/5)
INFO:root:The apperture problem could be solved, data processed.
INFO:root:Timestamp 2013-03-27 00:46:16.400000 created. (3/5)
INFO:root:Observation table analysis finished at: 2019-01-24 15:14:28.105664
INFO:root:Total Execution time: 0:01:31.073269
DEBUG:root:Morphology 11705_20130326 inserted.
DEBUG:root:Morphology 11705_20130327 inserted.
DEBUG:root:Morphology 11705_20130328 inserted.
DEBUG:root:Active Region noaa numbers updated.
INFO:root:Session closed
